<?xml version="1.0"?><coverage lines-covered="1204" lines-valid="11708" line-rate="0.10283566791937138" branches-covered="0" branches-valid="0" branch-rate="0" complexity="0" version="1.9" timestamp="1773933907"><sources><source>/home/eastgate/Development/ecoPrimals/phase1/beardog</source></sources><packages><package name="crates/beardog-core/src/ai/hybrid_intelligence/core" line-rate="0" branch-rate="0" complexity="0"><classes></classes></package><package name="crates/beardog-security/src/quantum_crypto" line-rate="0.7329842931937173" branch-rate="0" complexity="0"><classes><class name="engine" filename="crates/beardog-security/src/quantum_crypto/engine.rs" line-rate="0.6461538461538462" branch-rate="0" complexity="0"><methods/><lines><line number="68" hits="1"/><line number="69" hits="1"/><line number="70" hits="3"/><line number="71" hits="4"/><line number="73" hits="2"/><line number="74" hits="2"/><line number="75" hits="2"/><line number="76" hits="2"/><line number="78" hits="4"/><line number="83" hits="0"/><line number="87" hits="0"/><line number="88" hits="0"/><line number="89" hits="0"/><line number="95" hits="1"/><line number="96" hits="1"/><line number="97" hits="1"/><line number="101" hits="1"/><line number="102" hits="1"/><line number="103" hits="1"/><line number="107" hits="1"/><line number="112" hits="1"/><line number="113" hits="1"/><line number="121" hits="1"/><line number="122" hits="1"/><line number="123" hits="1"/><line number="127" hits="1"/><line number="131" hits="1"/><line number="132" hits="1"/><line number="133" hits="0"/><line number="136" hits="1"/><line number="141" hits="1"/><line number="146" hits="1"/><line number="147" hits="2"/><line number="150" hits="1"/><line number="152" hits="1"/><line number="156" hits="1"/><line number="159" hits="0"/><line number="165" hits="1"/><line number="171" hits="1"/><line number="172" hits="1"/><line number="176" hits="1"/><line number="177" hits="1"/><line number="180" hits="0"/><line number="181" hits="0"/><line number="190" hits="1"/><line number="191" hits="1"/><line number="195" hits="0"/><line number="196" hits="0"/><line number="201" hits="1"/><line number="202" hits="1"/><line number="207" hits="0"/><line number="208" hits="0"/><line number="212" hits="1"/><line number="213" hits="1"/><line number="218" hits="0"/><line number="219" hits="0"/><line number="220" hits="0"/><line number="221" hits="0"/><line number="222" hits="0"/><line number="228" hits="0"/><line number="230" hits="0"/><line number="231" hits="0"/><line number="232" hits="0"/><line number="233" hits="0"/><line number="234" hits="0"/></lines></class><class name="kem" filename="crates/beardog-security/src/quantum_crypto/kem.rs" line-rate="0.7906976744186046" branch-rate="0" complexity="0"><methods/><lines><line number="26" hits="1"/><line number="27" hits="2"/><line number="33" hits="1"/><line number="35" hits="1"/><line number="37" hits="2"/><line number="39" hits="1"/><line number="41" hits="1"/><line number="42" hits="1"/><line number="49" hits="1"/><line number="50" hits="2"/><line number="52" hits="2"/><line number="53" hits="1"/><line number="55" hits="2"/><line number="56" hits="1"/><line number="57" hits="2"/><line number="58" hits="1"/><line number="59" hits="2"/><line number="62" hits="1"/><line number="73" hits="1"/><line number="77" hits="2"/><line number="79" hits="0"/><line number="81" hits="1"/><line number="82" hits="0"/><line number="89" hits="1"/><line number="90" hits="1"/><line number="92" hits="3"/><line number="93" hits="2"/><line number="95" hits="2"/><line number="96" hits="2"/><line number="97" hits="2"/><line number="110" hits="1"/><line number="118" hits="1"/><line number="119" hits="0"/><line number="120" hits="1"/><line number="121" hits="0"/><line number="124" hits="2"/><line number="125" hits="4"/><line number="127" hits="1"/><line number="132" hits="0"/><line number="133" hits="0"/><line number="138" hits="0"/><line number="139" hits="0"/><line number="140" hits="0"/></lines></class><class name="signatures" filename="crates/beardog-security/src/quantum_crypto/signatures.rs" line-rate="0.7575757575757576" branch-rate="0" complexity="0"><methods/><lines><line number="31" hits="1"/><line number="32" hits="1"/><line number="36" hits="1"/><line number="38" hits="1"/><line number="40" hits="2"/><line number="41" hits="0"/><line number="46" hits="1"/><line number="51" hits="0"/><line number="58" hits="1"/><line number="59" hits="2"/><line number="61" hits="2"/><line number="62" hits="1"/><line number="64" hits="1"/><line number="65" hits="1"/><line number="66" hits="2"/><line number="67" hits="1"/><line number="68" hits="2"/><line number="71" hits="1"/><line number="76" hits="1"/><line number="84" hits="2"/><line number="86" hits="0"/><line number="88" hits="1"/><line number="90" hits="0"/><line number="94" hits="1"/><line number="95" hits="2"/><line number="97" hits="3"/><line number="98" hits="1"/><line number="99" hits="1"/><line number="102" hits="1"/><line number="103" hits="1"/><line number="105" hits="1"/><line number="115" hits="1"/><line number="122" hits="1"/><line number="127" hits="0"/><line number="128" hits="0"/><line number="133" hits="0"/><line number="134" hits="0"/><line number="135" hits="0"/><line number="160" hits="2"/><line number="161" hits="2"/><line number="165" hits="1"/><line number="167" hits="1"/><line number="169" hits="1"/><line number="170" hits="1"/><line number="172" hits="2"/><line number="173" hits="1"/><line number="175" hits="1"/><line number="176" hits="1"/><line number="177" hits="2"/><line number="179" hits="1"/><line number="184" hits="1"/><line number="192" hits="1"/><line number="193" hits="2"/><line number="195" hits="3"/><line number="196" hits="1"/><line number="197" hits="1"/><line number="200" hits="1"/><line number="201" hits="1"/><line number="203" hits="1"/><line number="213" hits="0"/><line number="220" hits="0"/><line number="225" hits="0"/><line number="226" hits="0"/><line number="231" hits="0"/><line number="232" hits="0"/><line number="233" hits="0"/></lines></class><class name="types" filename="crates/beardog-security/src/quantum_crypto/types.rs" line-rate="0.8235294117647058" branch-rate="0" complexity="0"><methods/><lines><line number="94" hits="2"/><line number="97" hits="2"/><line number="103" hits="1"/><line number="104" hits="1"/><line number="109" hits="1"/><line number="110" hits="1"/><line number="115" hits="1"/><line number="116" hits="1"/><line number="121" hits="1"/><line number="122" hits="1"/><line number="127" hits="1"/><line number="128" hits="1"/><line number="129" hits="1"/><line number="130" hits="1"/><line number="136" hits="0"/><line number="138" hits="0"/><line number="139" hits="0"/></lines></class></classes></package><package name="crates/beardog-utils/src/ai_optimization" line-rate="0" branch-rate="0" complexity="0"><classes></classes></package><package name="crates/beardog-compliance/src/compliance" line-rate="0" branch-rate="0" complexity="0"><classes></classes></package><package name="tests" line-rate="0" branch-rate="0" complexity="0"><classes></classes></package><package name="crates/beardog-security/src/tests/recovery_tests" line-rate="0" branch-rate="0" complexity="0"><classes></classes></package><package name="crates/beardog-hid/src" line-rate="0" branch-rate="0" complexity="0"><classes></classes></package><package name="docs/templates" line-rate="0" branch-rate="0" complexity="0"><classes></classes></package><package name="crates/beardog-tunnel/src/unix_socket_ipc" line-rate="0" branch-rate="0" complexity="0"><classes><class name="server" filename="crates/beardog-tunnel/src/unix_socket_ipc/server.rs" line-rate="0" branch-rate="0" complexity="0"><methods/><lines><line number="61" hits="0"/><line number="64" hits="0"/><line number="65" hits="0"/><line number="66" hits="0"/><line number="67" hits="0"/><line number="71" hits="0"/><line number="72" hits="0"/><line number="73" hits="0"/><line number="74" hits="0"/><line number="75" hits="0"/><line number="76" hits="0"/></lines></class><class name="types" filename="crates/beardog-tunnel/src/unix_socket_ipc/types.rs" line-rate="0" branch-rate="0" complexity="0"><methods/><lines><line number="100" hits="0"/><line number="103" hits="0"/><line number="109" hits="0"/><line number="112" hits="0"/><line number="118" hits="0"/><line number="121" hits="0"/><line number="127" hits="0"/><line number="130" hits="0"/><line number="136" hits="0"/><line number="139" hits="0"/></lines></class></classes></package><package name="archives/abandoned_beardog-security-registry_feb_2026/src/security" line-rate="0" branch-rate="0" complexity="0"><classes></classes></package><package name="crates/beardog-utils/src/zero_copy" line-rate="0" branch-rate="0" complexity="0"><classes><class name="cow_string" filename="crates/beardog-utils/src/zero_copy/cow_string.rs" line-rate="0" branch-rate="0" complexity="0"><methods/><lines><line number="35" hits="0"/><line number="36" hits="0"/></lines></class><class name="hyperoptimized_zero_copy" filename="crates/beardog-utils/src/zero_copy/hyperoptimized_zero_copy.rs" line-rate="0" branch-rate="0" complexity="0"><methods/><lines><line number="354" hits="0"/><line number="356" hits="0"/><line number="357" hits="0"/><line number="359" hits="0"/><line number="361" hits="0"/><line number="363" hits="0"/><line number="364" hits="0"/><line number="365" hits="0"/><line number="367" hits="0"/></lines></class><class name="mod" filename="crates/beardog-utils/src/zero_copy/mod.rs" line-rate="0" branch-rate="0" complexity="0"><methods/><lines><line number="94" hits="0"/><line number="95" hits="0"/><line number="99" hits="0"/><line number="100" hits="0"/><line number="101" hits="0"/><line number="103" hits="0"/><line number="104" hits="0"/><line number="105" hits="0"/><line number="106" hits="0"/><line number="107" hits="0"/><line number="108" hits="0"/><line number="109" hits="0"/><line number="115" hits="0"/><line number="117" hits="0"/><line number="118" hits="0"/><line number="119" hits="0"/><line number="121" hits="0"/><line number="124" hits="0"/><line number="125" hits="0"/><line number="126" hits="0"/><line number="127" hits="0"/><line number="128" hits="0"/><line number="138" hits="0"/><line number="142" hits="0"/><line number="143" hits="0"/><line number="144" hits="0"/><line number="146" hits="0"/><line number="147" hits="0"/><line number="148" hits="0"/><line number="149" hits="0"/><line number="150" hits="0"/><line number="151" hits="0"/><line number="152" hits="0"/><line number="158" hits="0"/><line number="160" hits="0"/><line number="161" hits="0"/><line number="162" hits="0"/><line number="164" hits="0"/><line number="167" hits="0"/><line number="168" hits="0"/><line number="169" hits="0"/><line number="170" hits="0"/><line number="171" hits="0"/><line number="227" hits="0"/><line number="228" hits="0"/><line number="236" hits="0"/><line number="247" hits="0"/><line number="259" hits="0"/><line number="260" hits="0"/><line number="265" hits="0"/><line number="266" hits="0"/><line number="271" hits="0"/><line number="272" hits="0"/></lines></class><class name="optimized" filename="crates/beardog-utils/src/zero_copy/optimized.rs" line-rate="0" branch-rate="0" complexity="0"><methods/><lines><line number="60" hits="0"/><line number="61" hits="0"/><line number="65" hits="0"/><line number="66" hits="0"/><line number="67" hits="0"/><line number="68" hits="0"/><line number="69" hits="0"/><line number="70" hits="0"/><line number="71" hits="0"/><line number="72" hits="0"/><line number="73" hits="0"/><line number="74" hits="0"/><line number="75" hits="0"/><line number="76" hits="0"/><line number="77" hits="0"/><line number="78" hits="0"/><line number="84" hits="0"/><line number="85" hits="0"/><line number="86" hits="0"/><line number="87" hits="0"/><line number="88" hits="0"/><line number="91" hits="0"/><line number="92" hits="0"/><line number="95" hits="0"/><line number="96" hits="0"/><line number="374" hits="0"/><line number="375" hits="0"/><line number="408" hits="0"/><line number="421" hits="0"/><line number="422" hits="0"/><line number="423" hits="0"/><line number="424" hits="0"/><line number="425" hits="0"/><line number="426" hits="0"/><line number="427" hits="0"/><line number="429" hits="0"/><line number="435" hits="0"/><line number="436" hits="0"/><line number="442" hits="0"/><line number="443" hits="0"/></lines></class><class name="request_cache" filename="crates/beardog-utils/src/zero_copy/request_cache.rs" line-rate="0" branch-rate="0" complexity="0"><methods/><lines><line number="31" hits="0"/><line number="33" hits="0"/><line number="39" hits="0"/><line number="42" hits="0"/><line number="43" hits="0"/><line number="47" hits="0"/><line number="48" hits="0"/><line number="52" hits="0"/><line number="54" hits="0"/><line number="55" hits="0"/><line number="56" hits="0"/><line number="57" hits="0"/><line number="60" hits="0"/><line number="64" hits="0"/><line number="66" hits="0"/><line number="67" hits="0"/><line number="68" hits="0"/><line number="72" hits="0"/><line number="74" hits="0"/><line number="78" hits="0"/><line number="80" hits="0"/><line number="85" hits="0"/></lines></class><class name="shared_config" filename="crates/beardog-utils/src/zero_copy/shared_config.rs" line-rate="0" branch-rate="0" complexity="0"><methods/><lines><line number="35" hits="0"/><line number="36" hits="0"/><line number="37" hits="0"/><line number="39" hits="0"/><line number="40" hits="0"/><line number="41" hits="0"/><line number="47" hits="0"/><line number="48" hits="0"/><line number="49" hits="0"/><line number="53" hits="0"/><line number="54" hits="0"/><line number="55" hits="0"/><line number="60" hits="0"/><line number="61" hits="0"/><line number="62" hits="0"/><line number="131" hits="0"/></lines></class></classes></package><package name="crates/beardog-genetics/src/genetics/spawning" line-rate="0" branch-rate="0" complexity="0"><classes></classes></package><package name="crates/beardog-core/src/ecosystem_storage/tests" line-rate="0" branch-rate="0" complexity="0"><classes></classes></package><package name="showcase/04-advanced-features/01-multi-primal-workflow/src" line-rate="0" branch-rate="0" complexity="0"><classes></classes></package><package name="crates/beardog-workflows/src" line-rate="0" branch-rate="0" complexity="0"><classes><class name="lib" filename="crates/beardog-workflows/src/lib.rs" line-rate="0" branch-rate="0" complexity="0"><methods/><lines><line number="113" hits="0"/><line number="114" hits="0"/><line number="115" hits="0"/><line number="131" hits="0"/><line number="132" hits="0"/><line number="133" hits="0"/><line number="134" hits="0"/><line number="135" hits="0"/><line number="136" hits="0"/><line number="137" hits="0"/></lines></class></classes></package><package name="showcase/04-advanced-features/06-distributed-key-registry/src" line-rate="0" branch-rate="0" complexity="0"><classes></classes></package><package name="crates/beardog-errors/src/unified_error_system" line-rate="0" branch-rate="0" complexity="0"><classes></classes></package><package name="crates/beardog-types/src/canonical/config/domains/security" line-rate="0" branch-rate="0" complexity="0"><classes><class name="advanced" filename="crates/beardog-types/src/canonical/config/domains/security/advanced.rs" line-rate="0" branch-rate="0" complexity="0"><methods/><lines><line number="93" hits="0"/><line number="97" hits="0"/><line number="98" hits="0"/><line number="99" hits="0"/><line number="104" hits="0"/><line number="110" hits="0"/><line number="112" hits="0"/></lines></class><class name="auth" filename="crates/beardog-types/src/canonical/config/domains/security/auth.rs" line-rate="0" branch-rate="0" complexity="0"><methods/><lines><line number="32" hits="0"/><line number="36" hits="0"/><line number="37" hits="0"/><line number="39" hits="0"/><line number="40" hits="0"/><line number="42" hits="0"/><line number="48" hits="0"/><line number="50" hits="0"/><line number="99" hits="0"/><line number="103" hits="0"/><line number="104" hits="0"/><line number="105" hits="0"/><line number="106" hits="0"/><line number="112" hits="0"/><line number="115" hits="0"/><line number="148" hits="0"/><line number="151" hits="0"/><line number="155" hits="0"/></lines></class><class name="crypto" filename="crates/beardog-types/src/canonical/config/domains/security/crypto.rs" line-rate="0" branch-rate="0" complexity="0"><methods/><lines><line number="28" hits="0"/><line number="32" hits="0"/><line number="33" hits="0"/><line number="34" hits="0"/><line number="39" hits="0"/><line number="40" hits="0"/><line number="76" hits="0"/><line number="79" hits="0"/><line number="81" hits="0"/><line number="128" hits="0"/><line number="129" hits="0"/><line number="130" hits="0"/><line number="131" hits="0"/><line number="132" hits="0"/><line number="133" hits="0"/><line number="134" hits="0"/><line number="135" hits="0"/><line number="137" hits="0"/><line number="138" hits="0"/><line number="139" hits="0"/><line number="140" hits="0"/><line number="141" hits="0"/><line number="142" hits="0"/><line number="144" hits="0"/><line number="145" hits="0"/><line number="146" hits="0"/><line number="147" hits="0"/><line number="148" hits="0"/><line number="149" hits="0"/><line number="155" hits="0"/><line number="160" hits="0"/></lines></class><class name="mod" filename="crates/beardog-types/src/canonical/config/domains/security/mod.rs" line-rate="0" branch-rate="0" complexity="0"><methods/><lines><line number="87" hits="0"/><line number="89" hits="0"/><line number="93" hits="0"/><line number="97" hits="0"/><line number="99" hits="0"/><line number="103" hits="0"/><line number="107" hits="0"/><line number="112" hits="0"/><line number="115" hits="0"/><line number="116" hits="0"/><line number="117" hits="0"/><line number="131" hits="0"/><line number="150" hits="0"/><line number="152" hits="0"/><line number="156" hits="0"/><line number="158" hits="0"/><line number="162" hits="0"/><line number="166" hits="0"/><line number="181" hits="0"/><line number="184" hits="0"/><line number="185" hits="0"/><line number="186" hits="0"/><line number="204" hits="0"/><line number="218" hits="0"/><line number="220" hits="0"/><line number="221" hits="0"/><line number="239" hits="0"/><line number="251" hits="0"/><line number="256" hits="0"/><line number="259" hits="0"/><line number="260" hits="0"/><line number="261" hits="0"/><line number="281" hits="0"/><line number="283" hits="0"/><line number="284" hits="0"/><line number="285" hits="0"/><line number="286" hits="0"/><line number="287" hits="0"/><line number="297" hits="0"/><line number="303" hits="0"/><line number="304" hits="0"/><line number="305" hits="0"/><line number="306" hits="0"/><line number="307" hits="0"/><line number="308" hits="0"/><line number="314" hits="0"/><line number="333" hits="0"/><line number="334" hits="0"/><line number="335" hits="0"/><line number="342" hits="0"/><line number="344" hits="0"/><line number="345" hits="0"/><line number="350" hits="0"/><line number="351" hits="0"/><line number="357" hits="0"/><line number="358" hits="0"/><line number="364" hits="0"/><line number="365" hits="0"/><line number="371" hits="0"/><line number="372" hits="0"/><line number="377" hits="0"/><line number="381" hits="0"/><line number="382" hits="0"/><line number="385" hits="0"/><line number="386" hits="0"/><line number="388" hits="0"/><line number="389" hits="0"/><line number="390" hits="0"/><line number="391" hits="0"/><line number="392" hits="0"/><line number="393" hits="0"/><line number="394" hits="0"/><line number="395" hits="0"/><line number="396" hits="0"/><line number="398" hits="0"/><line number="402" hits="0"/><line number="403" hits="0"/><line number="406" hits="0"/><line number="407" hits="0"/><line number="408" hits="0"/><line number="410" hits="0"/><line number="411" hits="0"/><line number="412" hits="0"/><line number="413" hits="0"/><line number="414" hits="0"/><line number="415" hits="0"/><line number="417" hits="0"/></lines></class><class name="monitoring" filename="crates/beardog-types/src/canonical/config/domains/security/monitoring.rs" line-rate="0" branch-rate="0" complexity="0"><methods/><lines><line number="30" hits="0"/><line number="35" hits="0"/><line number="36" hits="0"/><line number="38" hits="0"/><line number="39" hits="0"/><line number="45" hits="0"/><line number="47" hits="0"/></lines></class><class name="threat" filename="crates/beardog-types/src/canonical/config/domains/security/threat.rs" line-rate="0" branch-rate="0" complexity="0"><methods/><lines><line number="31" hits="0"/><line number="35" hits="0"/><line number="36" hits="0"/><line number="37" hits="0"/><line number="38" hits="0"/><line number="39" hits="0"/><line number="44" hits="0"/><line number="45" hits="0"/><line number="55" hits="0"/><line number="57" hits="0"/></lines></class></classes></package><package name="showcase/02-ecosystem-integration/05-cross-primal-lineage/src" line-rate="0" branch-rate="0" complexity="0"><classes></classes></package><package name="showcase/00-local-primal/03-key-constraints/src" line-rate="0" branch-rate="0" complexity="0"><classes></classes></package><package name="crates/beardog-monitoring/src/tests" line-rate="0" branch-rate="0" complexity="0"><classes></classes></package><package name="crates/beardog-types/src/canonical/security_unified" line-rate="0" branch-rate="0" complexity="0"><classes></classes></package><package name="crates/beardog-tunnel/src/platform" line-rate="0" branch-rate="0" complexity="0"><classes></classes></package><package name="archives/abandoned_beardog-security-registry_feb_2026/beardog-node-registry/src/node_registry/types/config" line-rate="0" branch-rate="0" complexity="0"><classes></classes></package><package name="crates/beardog-core/src/ecosystem_integration" line-rate="0" branch-rate="0" complexity="0"><classes></classes></package><package name="crates/beardog-config/src/domains/timeouts_new" line-rate="0.32116788321167883" branch-rate="0" complexity="0"><classes><class name="builder" filename="crates/beardog-config/src/domains/timeouts_new/builder.rs" line-rate="0.32142857142857145" branch-rate="0" complexity="0"><methods/><lines><line number="37" hits="1"/><line number="38" hits="1"/><line number="42" hits="0"/><line number="43" hits="0"/><line number="44" hits="0"/><line number="48" hits="0"/><line number="49" hits="0"/><line number="50" hits="0"/><line number="54" hits="0"/><line number="55" hits="0"/><line number="56" hits="0"/><line number="60" hits="0"/><line number="61" hits="0"/><line number="62" hits="0"/><line number="66" hits="0"/><line number="67" hits="0"/><line number="68" hits="0"/><line number="72" hits="0"/><line number="73" hits="0"/><line number="74" hits="0"/><line number="78" hits="0"/><line number="79" hits="0"/><line number="80" hits="0"/><line number="84" hits="0"/><line number="85" hits="0"/><line number="86" hits="0"/><line number="90" hits="0"/><line number="91" hits="0"/><line number="92" hits="0"/><line number="96" hits="0"/><line number="97" hits="0"/><line number="98" hits="0"/><line number="102" hits="0"/><line number="103" hits="0"/><line number="104" hits="0"/><line number="108" hits="0"/><line number="109" hits="0"/><line number="110" hits="0"/><line number="114" hits="0"/><line number="115" hits="0"/><line number="116" hits="0"/><line number="123" hits="1"/><line number="124" hits="1"/><line number="125" hits="0"/><line number="126" hits="0"/><line number="130" hits="1"/><line number="131" hits="0"/><line number="132" hits="0"/><line number="136" hits="1"/><line number="137" hits="0"/><line number="138" hits="0"/><line number="142" hits="1"/><line number="143" hits="0"/><line number="144" hits="0"/><line number="148" hits="1"/><line number="149" hits="0"/><line number="150" hits="0"/><line number="154" hits="1"/><line number="155" hits="0"/><line number="156" hits="0"/><line number="160" hits="1"/><line number="161" hits="0"/><line number="162" hits="0"/><line number="166" hits="1"/><line number="167" hits="0"/><line number="168" hits="0"/><line number="172" hits="1"/><line number="173" hits="0"/><line number="174" hits="0"/><line number="178" hits="1"/><line number="182" hits="1"/><line number="184" hits="1"/><line number="187" hits="1"/><line number="190" hits="1"/><line number="193" hits="1"/><line number="196" hits="1"/><line number="199" hits="1"/><line number="202" hits="1"/><line number="205" hits="1"/><line number="208" hits="1"/><line number="211" hits="1"/><line number="214" hits="1"/><line number="217" hits="1"/><line number="220" hits="1"/></lines></class><class name="core" filename="crates/beardog-config/src/domains/timeouts_new/core.rs" line-rate="0.1875" branch-rate="0" complexity="0"><methods/><lines><line number="65" hits="1"/><line number="66" hits="1"/><line number="81" hits="1"/><line number="82" hits="1"/><line number="97" hits="1"/><line number="98" hits="1"/><line number="104" hits="0"/><line number="105" hits="0"/><line number="109" hits="0"/><line number="110" hits="0"/><line number="114" hits="0"/><line number="115" hits="0"/><line number="119" hits="0"/><line number="120" hits="0"/><line number="124" hits="0"/><line number="125" hits="0"/><line number="129" hits="0"/><line number="130" hits="0"/><line number="134" hits="0"/><line number="135" hits="0"/><line number="139" hits="0"/><line number="140" hits="0"/><line number="144" hits="0"/><line number="145" hits="0"/><line number="149" hits="0"/><line number="150" hits="0"/><line number="154" hits="0"/><line number="155" hits="0"/><line number="159" hits="0"/><line number="160" hits="0"/><line number="164" hits="0"/><line number="165" hits="0"/></lines></class><class name="defaults" filename="crates/beardog-config/src/domains/timeouts_new/defaults.rs" line-rate="0" branch-rate="0" complexity="0"><methods/><lines><line number="30" hits="0"/></lines></class><class name="validation" filename="crates/beardog-config/src/domains/timeouts_new/validation.rs" line-rate="0.55" branch-rate="0" complexity="0"><methods/><lines><line number="16" hits="1"/><line number="18" hits="1"/><line number="19" hits="0"/><line number="26" hits="1"/><line number="27" hits="0"/><line number="34" hits="1"/><line number="35" hits="0"/><line number="42" hits="1"/><line number="43" hits="0"/><line number="50" hits="1"/><line number="51" hits="0"/><line number="58" hits="1"/><line number="59" hits="0"/><line number="66" hits="1"/><line number="67" hits="0"/><line number="74" hits="1"/><line number="75" hits="0"/><line number="82" hits="1"/><line number="83" hits="0"/><line number="89" hits="1"/></lines></class></classes></package><package name="crates/beardog-genetics/src/ecosystem_evolution" line-rate="0" branch-rate="0" complexity="0"><classes></classes></package><package name="archives/abandoned_beardog-security-registry_feb_2026/beardog-node-registry/src" line-rate="0" branch-rate="0" complexity="0"><classes></classes></package><package name="crates/beardog-ipc/src" line-rate="0" branch-rate="0" complexity="0"><classes><class name="tarpc_client" filename="crates/beardog-ipc/src/tarpc_client.rs" line-rate="0" branch-rate="0" complexity="0"><methods/><lines><line number="143" hits="0"/><line number="144" hits="0"/><line number="145" hits="0"/><line number="146" hits="0"/><line number="148" hits="0"/><line number="149" hits="0"/><line number="151" hits="0"/><line number="152" hits="0"/><line number="153" hits="0"/><line number="154" hits="0"/><line number="155" hits="0"/><line number="157" hits="0"/></lines></class></classes></package><package name="crates/beardog-types/src/btsp" line-rate="0" branch-rate="0" complexity="0"><classes><class name="protocol" filename="crates/beardog-types/src/btsp/protocol.rs" line-rate="0" branch-rate="0" complexity="0"><methods/><lines><line number="102" hits="0"/><line number="103" hits="0"/><line number="107" hits="0"/><line number="108" hits="0"/><line number="112" hits="0"/><line number="113" hits="0"/><line number="114" hits="0"/><line number="115" hits="0"/><line number="120" hits="0"/><line number="121" hits="0"/><line number="122" hits="0"/><line number="123" hits="0"/><line number="128" hits="0"/><line number="129" hits="0"/><line number="130" hits="0"/><line number="131" hits="0"/><line number="136" hits="0"/><line number="137" hits="0"/><line number="138" hits="0"/><line number="139" hits="0"/><line number="144" hits="0"/><line number="145" hits="0"/><line number="148" hits="0"/><line number="149" hits="0"/><line number="152" hits="0"/><line number="153" hits="0"/><line number="156" hits="0"/><line number="157" hits="0"/></lines></class><class name="rpc" filename="crates/beardog-types/src/btsp/rpc.rs" line-rate="0" branch-rate="0" complexity="0"><methods/><lines><line number="76" hits="0"/><line number="77" hits="0"/><line number="78" hits="0"/><line number="79" hits="0"/><line number="90" hits="0"/><line number="91" hits="0"/><line number="93" hits="0"/><line number="94" hits="0"/><line number="95" hits="0"/><line number="103" hits="0"/><line number="104" hits="0"/><line number="108" hits="0"/><line number="109" hits="0"/><line number="113" hits="0"/><line number="114" hits="0"/><line number="275" hits="0"/><line number="276" hits="0"/></lines></class><class name="transport" filename="crates/beardog-types/src/btsp/transport.rs" line-rate="0" branch-rate="0" complexity="0"><methods/><lines><line number="100" hits="0"/><line number="101" hits="0"/><line number="102" hits="0"/><line number="103" hits="0"/><line number="105" hits="0"/><line number="107" hits="0"/><line number="108" hits="0"/><line number="111" hits="0"/><line number="112" hits="0"/><line number="114" hits="0"/><line number="115" hits="0"/><line number="118" hits="0"/><line number="120" hits="0"/><line number="122" hits="0"/><line number="123" hits="0"/><line number="127" hits="0"/><line number="135" hits="0"/><line number="136" hits="0"/><line number="140" hits="0"/><line number="141" hits="0"/><line number="145" hits="0"/><line number="146" hits="0"/><line number="147" hits="0"/><line number="148" hits="0"/><line number="153" hits="0"/><line number="154" hits="0"/><line number="155" hits="0"/><line number="156" hits="0"/><line number="161" hits="0"/><line number="162" hits="0"/><line number="163" hits="0"/><line number="164" hits="0"/><line number="169" hits="0"/><line number="170" hits="0"/><line number="171" hits="0"/><line number="172" hits="0"/><line number="174" hits="0"/><line number="175" hits="0"/></lines></class><class name="trust_mode" filename="crates/beardog-types/src/btsp/trust_mode.rs" line-rate="0" branch-rate="0" complexity="0"><methods/><lines><line number="133" hits="0"/><line number="134" hits="0"/><line number="138" hits="0"/><line number="139" hits="0"/><line number="143" hits="0"/><line number="144" hits="0"/><line number="145" hits="0"/><line number="146" hits="0"/><line number="151" hits="0"/><line number="152" hits="0"/><line number="153" hits="0"/><line number="156" hits="0"/></lines></class></classes></package><package name="crates/beardog-security/src/hsm/android_strongbox" line-rate="0" branch-rate="0" complexity="0"><classes></classes></package><package name="crates/beardog-core/src" line-rate="0" branch-rate="0" complexity="0"><classes><class name="capability_router" filename="crates/beardog-core/src/capability_router.rs" line-rate="0" branch-rate="0" complexity="0"><methods/><lines><line number="192" hits="0"/><line number="193" hits="0"/><line number="194" hits="0"/></lines></class><class name="primal_discovery" filename="crates/beardog-core/src/primal_discovery.rs" line-rate="0" branch-rate="0" complexity="0"><methods/><lines><line number="143" hits="0"/><line number="145" hits="0"/><line number="146" hits="0"/><line number="147" hits="0"/></lines></class><class name="primal_discovery_mdns" filename="crates/beardog-core/src/primal_discovery_mdns.rs" line-rate="0" branch-rate="0" complexity="0"><methods/><lines><line number="306" hits="0"/><line number="307" hits="0"/><line number="308" hits="0"/></lines></class><class name="socket_config" filename="crates/beardog-core/src/socket_config.rs" line-rate="0" branch-rate="0" complexity="0"><methods/><lines><line number="316" hits="0"/><line number="318" hits="0"/></lines></class><class name="universal_optimization" filename="crates/beardog-core/src/universal_optimization.rs" line-rate="0" branch-rate="0" complexity="0"><methods/><lines><line number="266" hits="0"/><line number="277" hits="0"/><line number="278" hits="0"/><line number="279" hits="0"/><line number="280" hits="0"/><line number="281" hits="0"/><line number="282" hits="0"/><line number="283" hits="0"/><line number="286" hits="0"/><line number="287" hits="0"/><line number="288" hits="0"/><line number="291" hits="0"/><line number="292" hits="0"/><line number="293" hits="0"/><line number="294" hits="0"/><line number="295" hits="0"/><line number="296" hits="0"/><line number="297" hits="0"/><line number="298" hits="0"/><line number="299" hits="0"/><line number="300" hits="0"/><line number="314" hits="0"/><line number="318" hits="0"/><line number="319" hits="0"/><line number="320" hits="0"/><line number="321" hits="0"/><line number="322" hits="0"/><line number="326" hits="0"/><line number="327" hits="0"/><line number="328" hits="0"/><line number="329" hits="0"/><line number="330" hits="0"/></lines></class><class name="zero_cost_architecture" filename="crates/beardog-core/src/zero_cost_architecture.rs" line-rate="0" branch-rate="0" complexity="0"><methods/><lines><line number="20" hits="0"/><line number="21" hits="0"/><line number="30" hits="0"/><line number="38" hits="0"/><line number="39" hits="0"/><line number="44" hits="0"/><line number="45" hits="0"/><line number="56" hits="0"/><line number="57" hits="0"/><line number="64" hits="0"/><line number="79" hits="0"/><line number="90" hits="0"/><line number="91" hits="0"/><line number="98" hits="0"/><line number="106" hits="0"/><line number="107" hits="0"/><line number="123" hits="0"/><line number="138" hits="0"/><line number="156" hits="0"/><line number="166" hits="0"/><line number="167" hits="0"/><line number="168" hits="0"/><line number="174" hits="0"/><line number="175" hits="0"/><line number="176" hits="0"/><line number="183" hits="0"/><line number="184" hits="0"/><line number="185" hits="0"/><line number="186" hits="0"/><line number="187" hits="0"/><line number="188" hits="0"/><line number="189" hits="0"/><line number="191" hits="0"/></lines></class></classes></package><package name="showcase/03-production-features/05-performance-profiling/src" line-rate="0" branch-rate="0" complexity="0"><classes></classes></package><package name="crates/beardog-integration/examples" line-rate="0" branch-rate="0" complexity="0"><classes></classes></package><package name="showcase/04-advanced-features/03-hardware-attestation/src" line-rate="0" branch-rate="0" complexity="0"><classes></classes></package><package name="crates/beardog-types/src/canonical/config/production" line-rate="0" branch-rate="0" complexity="0"><classes><class name="core" filename="crates/beardog-types/src/canonical/config/production/core.rs" line-rate="0" branch-rate="0" complexity="0"><methods/><lines><line number="90" hits="0"/><line number="93" hits="0"/><line number="94" hits="0"/><line number="95" hits="0"/><line number="96" hits="0"/><line number="98" hits="0"/><line number="99" hits="0"/><line number="100" hits="0"/><line number="107" hits="0"/><line number="123" hits="0"/><line number="125" hits="0"/><line number="129" hits="0"/><line number="133" hits="0"/><line number="137" hits="0"/><line number="141" hits="0"/><line number="145" hits="0"/><line number="149" hits="0"/><line number="153" hits="0"/><line number="157" hits="0"/><line number="161" hits="0"/><line number="170" hits="0"/><line number="171" hits="0"/><line number="179" hits="0"/><line number="181" hits="0"/><line number="182" hits="0"/><line number="190" hits="0"/><line number="191" hits="0"/><line number="192" hits="0"/><line number="198" hits="0"/><line number="199" hits="0"/><line number="200" hits="0"/><line number="206" hits="0"/><line number="207" hits="0"/><line number="208" hits="0"/><line number="214" hits="0"/><line number="215" hits="0"/><line number="216" hits="0"/><line number="222" hits="0"/><line number="223" hits="0"/><line number="224" hits="0"/><line number="225" hits="0"/><line number="230" hits="0"/><line number="231" hits="0"/><line number="232" hits="0"/><line number="237" hits="0"/><line number="238" hits="0"/><line number="239" hits="0"/><line number="244" hits="0"/><line number="245" hits="0"/><line number="246" hits="0"/><line number="251" hits="0"/><line number="252" hits="0"/><line number="253" hits="0"/><line number="258" hits="0"/><line number="259" hits="0"/><line number="260" hits="0"/><line number="265" hits="0"/><line number="272" hits="0"/><line number="273" hits="0"/><line number="274" hits="0"/><line number="281" hits="0"/><line number="282" hits="0"/><line number="290" hits="0"/><line number="291" hits="0"/><line number="292" hits="0"/><line number="293" hits="0"/><line number="303" hits="0"/><line number="304" hits="0"/><line number="305" hits="0"/><line number="311" hits="0"/><line number="312" hits="0"/><line number="313" hits="0"/><line number="314" hits="0"/><line number="315" hits="0"/><line number="316" hits="0"/><line number="317" hits="0"/><line number="318" hits="0"/><line number="324" hits="0"/><line number="325" hits="0"/><line number="326" hits="0"/><line number="333" hits="0"/><line number="350" hits="0"/><line number="366" hits="0"/><line number="367" hits="0"/><line number="368" hits="0"/><line number="369" hits="0"/><line number="370" hits="0"/></lines></class><class name="deployment" filename="crates/beardog-types/src/canonical/config/production/deployment.rs" line-rate="0" branch-rate="0" complexity="0"><methods/><lines><line number="90" hits="0"/><line number="92" hits="0"/><line number="112" hits="0"/><line number="114" hits="0"/><line number="123" hits="0"/><line number="126" hits="0"/><line number="127" hits="0"/><line number="128" hits="0"/><line number="129" hits="0"/><line number="135" hits="0"/><line number="136" hits="0"/><line number="141" hits="0"/><line number="142" hits="0"/><line number="150" hits="0"/><line number="151" hits="0"/></lines></class><class name="environment" filename="crates/beardog-types/src/canonical/config/production/environment.rs" line-rate="0" branch-rate="0" complexity="0"><methods/><lines><line number="93" hits="0"/><line number="95" hits="0"/><line number="103" hits="0"/><line number="104" hits="0"/><line number="112" hits="0"/><line number="115" hits="0"/><line number="116" hits="0"/><line number="117" hits="0"/><line number="124" hits="0"/><line number="125" hits="0"/><line number="126" hits="0"/><line number="132" hits="0"/><line number="133" hits="0"/><line number="134" hits="0"/><line number="140" hits="0"/><line number="145" hits="0"/><line number="154" hits="0"/><line number="157" hits="0"/><line number="162" hits="0"/><line number="163" hits="0"/><line number="165" hits="0"/><line number="166" hits="0"/><line number="172" hits="0"/><line number="177" hits="0"/><line number="178" hits="0"/><line number="183" hits="0"/><line number="184" hits="0"/><line number="185" hits="0"/><line number="191" hits="0"/><line number="192" hits="0"/><line number="194" hits="0"/><line number="195" hits="0"/><line number="196" hits="0"/><line number="198" hits="0"/><line number="199" hits="0"/><line number="201" hits="0"/><line number="202" hits="0"/><line number="203" hits="0"/><line number="205" hits="0"/><line number="206" hits="0"/><line number="207" hits="0"/><line number="209" hits="0"/><line number="210" hits="0"/><line number="211" hits="0"/><line number="215" hits="0"/><line number="216" hits="0"/><line number="220" hits="0"/><line number="238" hits="0"/><line number="242" hits="0"/><line number="243" hits="0"/><line number="244" hits="0"/><line number="245" hits="0"/><line number="257" hits="0"/><line number="261" hits="0"/><line number="267" hits="0"/><line number="268" hits="0"/><line number="269" hits="0"/><line number="277" hits="0"/><line number="278" hits="0"/><line number="285" hits="0"/><line number="286" hits="0"/><line number="290" hits="0"/><line number="291" hits="0"/><line number="292" hits="0"/><line number="293" hits="0"/><line number="294" hits="0"/><line number="295" hits="0"/><line number="301" hits="0"/><line number="302" hits="0"/><line number="304" hits="0"/><line number="305" hits="0"/><line number="306" hits="0"/><line number="307" hits="0"/><line number="310" hits="0"/><line number="311" hits="0"/><line number="312" hits="0"/><line number="313" hits="0"/><line number="316" hits="0"/><line number="317" hits="0"/><line number="318" hits="0"/><line number="319" hits="0"/><line number="322" hits="0"/><line number="323" hits="0"/><line number="324" hits="0"/><line number="325" hits="0"/><line number="328" hits="0"/><line number="329" hits="0"/><line number="330" hits="0"/><line number="331" hits="0"/><line number="333" hits="0"/><line number="344" hits="0"/><line number="346" hits="0"/><line number="347" hits="0"/><line number="354" hits="0"/><line number="356" hits="0"/><line number="357" hits="0"/><line number="362" hits="0"/><line number="366" hits="0"/><line number="372" hits="0"/><line number="374" hits="0"/><line number="375" hits="0"/><line number="380" hits="0"/><line number="382" hits="0"/><line number="384" hits="0"/><line number="386" hits="0"/><line number="387" hits="0"/><line number="388" hits="0"/><line number="389" hits="0"/><line number="392" hits="0"/><line number="398" hits="0"/><line number="400" hits="0"/><line number="402" hits="0"/><line number="408" hits="0"/><line number="414" hits="0"/><line number="417" hits="0"/><line number="419" hits="0"/><line number="421" hits="0"/><line number="423" hits="0"/></lines></class><class name="mod" filename="crates/beardog-types/src/canonical/config/production/mod.rs" line-rate="0" branch-rate="0" complexity="0"><methods/><lines><line number="102" hits="0"/><line number="103" hits="0"/><line number="109" hits="0"/><line number="110" hits="0"/><line number="111" hits="0"/><line number="112" hits="0"/><line number="113" hits="0"/><line number="114" hits="0"/><line number="115" hits="0"/><line number="116" hits="0"/><line number="121" hits="0"/><line number="122" hits="0"/><line number="129" hits="0"/><line number="130" hits="0"/><line number="134" hits="0"/><line number="136" hits="0"/><line number="137" hits="0"/><line number="138" hits="0"/></lines></class><class name="observability" filename="crates/beardog-types/src/canonical/config/production/observability.rs" line-rate="0" branch-rate="0" complexity="0"><methods/><lines><line number="96" hits="0"/><line number="99" hits="0"/><line number="109" hits="0"/><line number="112" hits="0"/><line number="129" hits="0"/><line number="131" hits="0"/><line number="132" hits="0"/><line number="143" hits="0"/><line number="145" hits="0"/><line number="147" hits="0"/><line number="161" hits="0"/><line number="164" hits="0"/><line number="174" hits="0"/><line number="177" hits="0"/><line number="191" hits="0"/><line number="194" hits="0"/><line number="204" hits="0"/><line number="207" hits="0"/><line number="214" hits="0"/><line number="215" hits="0"/><line number="220" hits="0"/><line number="221" hits="0"/><line number="226" hits="0"/><line number="227" hits="0"/><line number="232" hits="0"/><line number="233" hits="0"/><line number="241" hits="0"/><line number="242" hits="0"/></lines></class><class name="operations" filename="crates/beardog-types/src/canonical/config/production/operations.rs" line-rate="0" branch-rate="0" complexity="0"><methods/><lines><line number="96" hits="0"/><line number="99" hits="0"/><line number="109" hits="0"/><line number="112" hits="0"/><line number="130" hits="0"/><line number="133" hits="0"/><line number="143" hits="0"/><line number="146" hits="0"/><line number="164" hits="0"/><line number="167" hits="0"/><line number="177" hits="0"/><line number="180" hits="0"/><line number="191" hits="0"/><line number="192" hits="0"/><line number="197" hits="0"/><line number="198" hits="0"/><line number="203" hits="0"/><line number="204" hits="0"/><line number="212" hits="0"/><line number="213" hits="0"/></lines></class><class name="resources" filename="crates/beardog-types/src/canonical/config/production/resources.rs" line-rate="0" branch-rate="0" complexity="0"><methods/><lines><line number="134" hits="0"/><line number="137" hits="0"/><line number="138" hits="0"/><line number="139" hits="0"/><line number="154" hits="0"/><line number="156" hits="0"/><line number="160" hits="0"/><line number="166" hits="0"/><line number="172" hits="0"/><line number="233" hits="0"/><line number="236" hits="0"/><line number="253" hits="0"/><line number="255" hits="0"/><line number="259" hits="0"/><line number="265" hits="0"/><line number="269" hits="0"/><line number="294" hits="0"/><line number="298" hits="0"/><line number="299" hits="0"/><line number="312" hits="0"/><line number="314" hits="0"/><line number="318" hits="0"/><line number="322" hits="0"/><line number="328" hits="0"/><line number="340" hits="0"/><line number="349" hits="0"/><line number="350" hits="0"/><line number="352" hits="0"/><line number="353" hits="0"/><line number="355" hits="0"/><line number="366" hits="0"/><line number="367" hits="0"/><line number="372" hits="0"/><line number="373" hits="0"/><line number="378" hits="0"/><line number="379" hits="0"/><line number="384" hits="0"/><line number="385" hits="0"/><line number="393" hits="0"/><line number="394" hits="0"/><line number="398" hits="0"/><line number="400" hits="0"/><line number="409" hits="0"/><line number="413" hits="0"/><line number="426" hits="0"/><line number="448" hits="0"/><line number="476" hits="0"/><line number="478" hits="0"/><line number="479" hits="0"/><line number="480" hits="0"/><line number="482" hits="0"/><line number="483" hits="0"/><line number="485" hits="0"/><line number="492" hits="0"/><line number="493" hits="0"/><line number="494" hits="0"/><line number="500" hits="0"/><line number="502" hits="0"/><line number="503" hits="0"/><line number="509" hits="0"/><line number="510" hits="0"/><line number="511" hits="0"/><line number="516" hits="0"/><line number="517" hits="0"/><line number="518" hits="0"/><line number="523" hits="0"/></lines></class></classes></package><package name="crates/beardog-core/src/universal_discovery/tests" line-rate="0" branch-rate="0" complexity="0"><classes></classes></package><package name="crates/beardog-types/src/zero_cost" line-rate="0" branch-rate="0" complexity="0"><classes><class name="benchmarks" filename="crates/beardog-types/src/zero_cost/benchmarks.rs" line-rate="0" branch-rate="0" complexity="0"><methods/><lines><line number="40" hits="0"/><line number="41" hits="0"/><line number="45" hits="0"/><line number="46" hits="0"/><line number="47" hits="0"/><line number="49" hits="0"/><line number="52" hits="0"/><line number="53" hits="0"/><line number="55" hits="0"/><line number="56" hits="0"/><line number="66" hits="0"/><line number="67" hits="0"/><line number="69" hits="0"/><line number="70" hits="0"/><line number="76" hits="0"/></lines></class><class name="memory_safe" filename="crates/beardog-types/src/zero_cost/memory_safe.rs" line-rate="0" branch-rate="0" complexity="0"><methods/><lines><line number="52" hits="0"/><line number="53" hits="0"/><line number="56" hits="0"/><line number="57" hits="0"/><line number="61" hits="0"/><line number="63" hits="0"/><line number="64" hits="0"/><line number="65" hits="0"/><line number="70" hits="0"/><line number="71" hits="0"/><line number="75" hits="0"/><line number="76" hits="0"/><line number="77" hits="0"/><line number="78" hits="0"/><line number="79" hits="0"/><line number="80" hits="0"/><line number="81" hits="0"/><line number="87" hits="0"/><line number="88" hits="0"/><line number="90" hits="0"/><line number="91" hits="0"/><line number="92" hits="0"/><line number="93" hits="0"/><line number="94" hits="0"/><line number="96" hits="0"/><line number="99" hits="0"/><line number="102" hits="0"/><line number="103" hits="0"/><line number="104" hits="0"/><line number="107" hits="0"/><line number="108" hits="0"/><line number="110" hits="0"/><line number="112" hits="0"/><line number="113" hits="0"/><line number="114" hits="0"/><line number="121" hits="0"/><line number="127" hits="0"/><line number="129" hits="0"/><line number="130" hits="0"/><line number="131" hits="0"/><line number="132" hits="0"/><line number="133" hits="0"/><line number="139" hits="0"/><line number="140" hits="0"/><line number="144" hits="0"/><line number="145" hits="0"/><line number="146" hits="0"/><line number="147" hits="0"/><line number="152" hits="0"/><line number="153" hits="0"/><line number="154" hits="0"/><line number="155" hits="0"/><line number="156" hits="0"/><line number="157" hits="0"/><line number="158" hits="0"/><line number="168" hits="0"/><line number="170" hits="0"/><line number="172" hits="0"/><line number="177" hits="0"/><line number="178" hits="0"/><line number="182" hits="0"/><line number="183" hits="0"/><line number="184" hits="0"/><line number="188" hits="0"/><line number="189" hits="0"/><line number="190" hits="0"/><line number="194" hits="0"/><line number="195" hits="0"/><line number="196" hits="0"/><line number="197" hits="0"/><line number="198" hits="0"/><line number="199" hits="0"/><line number="204" hits="0"/><line number="205" hits="0"/><line number="211" hits="0"/><line number="212" hits="0"/><line number="218" hits="0"/><line number="219" hits="0"/><line number="223" hits="0"/><line number="224" hits="0"/><line number="232" hits="0"/><line number="233" hits="0"/><line number="250" hits="0"/><line number="254" hits="0"/><line number="255" hits="0"/><line number="256" hits="0"/><line number="277" hits="0"/><line number="281" hits="0"/><line number="282" hits="0"/><line number="283" hits="0"/><line number="303" hits="0"/><line number="304" hits="0"/><line number="308" hits="0"/><line number="313" hits="0"/><line number="314" hits="0"/><line number="316" hits="0"/><line number="317" hits="0"/><line number="318" hits="0"/><line number="319" hits="0"/><line number="322" hits="0"/><line number="326" hits="0"/><line number="327" hits="0"/><line number="330" hits="0"/><line number="335" hits="0"/><line number="336" hits="0"/><line number="341" hits="0"/><line number="342" hits="0"/><line number="346" hits="0"/><line number="347" hits="0"/><line number="351" hits="0"/><line number="352" hits="0"/></lines></class><class name="types" filename="crates/beardog-types/src/zero_cost/types.rs" line-rate="0" branch-rate="0" complexity="0"><methods/><lines><line number="97" hits="0"/><line number="98" hits="0"/><line number="99" hits="0"/><line number="100" hits="0"/><line number="101" hits="0"/><line number="103" hits="0"/><line number="110" hits="0"/><line number="111" hits="0"/><line number="112" hits="0"/><line number="113" hits="0"/><line number="114" hits="0"/><line number="222" hits="0"/><line number="223" hits="0"/></lines></class><class name="workflow" filename="crates/beardog-types/src/zero_cost/workflow.rs" line-rate="0" branch-rate="0" complexity="0"><methods/><lines><line number="71" hits="0"/><line number="85" hits="0"/><line number="86" hits="0"/><line number="95" hits="0"/><line number="96" hits="0"/><line number="100" hits="0"/><line number="101" hits="0"/><line number="106" hits="0"/><line number="107" hits="0"/><line number="112" hits="0"/><line number="113" hits="0"/><line number="118" hits="0"/><line number="119" hits="0"/><line number="124" hits="0"/><line number="125" hits="0"/><line number="130" hits="0"/></lines></class></classes></package><package name="crates/beardog-genetics/src/genetics/entropy_hierarchy" line-rate="0" branch-rate="0" complexity="0"><classes></classes></package><package name="crates/beardog-tower-atomic/src" line-rate="0" branch-rate="0" complexity="0"><classes></classes></package><package name="crates/beardog-types/src/constants/system" line-rate="0" branch-rate="0" complexity="0"><classes></classes></package><package name="crates/beardog-types/src/constants" line-rate="0" branch-rate="0" complexity="0"><classes></classes></package><package name="crates/beardog-tunnel/src/tunnel/hsm/safe_ffi" line-rate="0" branch-rate="0" complexity="0"><classes></classes></package><package name="crates/beardog-core/src/tests/handler_tests" line-rate="0" branch-rate="0" complexity="0"><classes></classes></package><package name="crates/beardog-discovery/examples" line-rate="0" branch-rate="0" complexity="0"><classes></classes></package><package name="crates/beardog-core/src/universal_discovery" line-rate="0" branch-rate="0" complexity="0"><classes><class name="mod" filename="crates/beardog-core/src/universal_discovery/mod.rs" line-rate="0" branch-rate="0" complexity="0"><methods/><lines><line number="152" hits="0"/><line number="153" hits="0"/><line number="154" hits="0"/><line number="155" hits="0"/><line number="156" hits="0"/><line number="157" hits="0"/><line number="158" hits="0"/><line number="159" hits="0"/><line number="162" hits="0"/><line number="163" hits="0"/><line number="164" hits="0"/><line number="165" hits="0"/><line number="167" hits="0"/><line number="168" hits="0"/><line number="169" hits="0"/><line number="170" hits="0"/><line number="171" hits="0"/><line number="172" hits="0"/><line number="173" hits="0"/><line number="174" hits="0"/><line number="175" hits="0"/><line number="176" hits="0"/><line number="177" hits="0"/><line number="179" hits="0"/><line number="180" hits="0"/><line number="181" hits="0"/><line number="182" hits="0"/><line number="183" hits="0"/><line number="184" hits="0"/><line number="185" hits="0"/><line number="187" hits="0"/><line number="188" hits="0"/><line number="189" hits="0"/><line number="190" hits="0"/><line number="191" hits="0"/><line number="192" hits="0"/><line number="193" hits="0"/><line number="194" hits="0"/><line number="195" hits="0"/></lines></class></classes></package><package name="crates/beardog-security/src/genesis" line-rate="0.9047619047619048" branch-rate="0" complexity="0"><classes><class name="physical_proof" filename="crates/beardog-security/src/genesis/physical_proof.rs" line-rate="0.782608695652174" branch-rate="0" complexity="0"><methods/><lines><line number="31" hits="1"/><line number="32" hits="2"/><line number="58" hits="1"/><line number="63" hits="1"/><line number="64" hits="1"/><line number="68" hits="1"/><line number="69" hits="2"/><line number="87" hits="1"/><line number="89" hits="1"/><line number="92" hits="1"/><line number="93" hits="1"/><line number="99" hits="1"/><line number="100" hits="0"/><line number="106" hits="3"/><line number="108" hits="2"/><line number="115" hits="2"/><line number="119" hits="3"/><line number="144" hits="1"/><line number="145" hits="1"/><line number="149" hits="0"/><line number="150" hits="0"/><line number="155" hits="0"/><line number="156" hits="0"/></lines></class><class name="types" filename="crates/beardog-security/src/genesis/types.rs" line-rate="1" branch-rate="0" complexity="0"><methods/><lines><line number="52" hits="1"/><line number="53" hits="1"/><line number="54" hits="1"/><line number="55" hits="2"/><line number="56" hits="1"/><line number="61" hits="1"/><line number="62" hits="1"/><line number="66" hits="1"/><line number="67" hits="1"/><line number="68" hits="1"/><line number="69" hits="1"/><line number="70" hits="1"/><line number="71" hits="1"/><line number="76" hits="1"/><line number="77" hits="1"/><line number="103" hits="1"/><line number="104" hits="1"/><line number="105" hits="1"/><line number="106" hits="1"/><line number="107" hits="1"/><line number="108" hits="1"/><line number="115" hits="1"/><line number="116" hits="3"/><line number="120" hits="1"/><line number="121" hits="1"/><line number="122" hits="1"/><line number="123" hits="1"/><line number="124" hits="1"/><line number="125" hits="1"/><line number="130" hits="1"/><line number="131" hits="1"/></lines></class><class name="witness" filename="crates/beardog-security/src/genesis/witness.rs" line-rate="0.9019607843137255" branch-rate="0" complexity="0"><methods/><lines><line number="48" hits="1"/><line number="49" hits="2"/><line number="78" hits="2"/><line number="95" hits="2"/><line number="96" hits="2"/><line number="122" hits="1"/><line number="127" hits="1"/><line number="128" hits="1"/><line number="132" hits="1"/><line number="133" hits="1"/><line number="152" hits="1"/><line number="158" hits="1"/><line number="161" hits="2"/><line number="164" hits="1"/><line number="167" hits="4"/><line number="169" hits="3"/><line number="173" hits="1"/><line number="177" hits="1"/><line number="178" hits="1"/><line number="179" hits="1"/><line number="180" hits="2"/><line number="184" hits="1"/><line number="188" hits="2"/><line number="192" hits="1"/><line number="193" hits="1"/><line number="195" hits="1"/><line number="198" hits="2"/><line number="202" hits="3"/><line number="206" hits="4"/><line number="207" hits="3"/><line number="208" hits="2"/><line number="211" hits="2"/><line number="212" hits="1"/><line number="218" hits="4"/><line number="219" hits="4"/><line number="220" hits="1"/><line number="226" hits="3"/><line number="239" hits="3"/><line number="248" hits="3"/><line number="249" hits="1"/><line number="253" hits="6"/><line number="254" hits="1"/><line number="258" hits="3"/><line number="259" hits="0"/><line number="265" hits="1"/><line number="281" hits="0"/><line number="284" hits="0"/><line number="291" hits="0"/><line number="298" hits="0"/><line number="305" hits="1"/><line number="306" hits="1"/></lines></class></classes></package><package name="crates/beardog-types/src/canonical/providers" line-rate="0" branch-rate="0" complexity="0"><classes><class name="base" filename="crates/beardog-types/src/canonical/providers/base.rs" line-rate="0" branch-rate="0" complexity="0"><methods/><lines><line number="43" hits="0"/><line number="44" hits="0"/><line number="48" hits="0"/><line number="49" hits="0"/><line number="53" hits="0"/><line number="55" hits="0"/><line number="56" hits="0"/><line number="58" hits="0"/></lines></class></classes></package><package name="crates/beardog-threat/src/threat/types/modules" line-rate="0" branch-rate="0" complexity="0"><classes></classes></package><package name="showcase/04-advanced-features/04-zero-knowledge-proofs/src" line-rate="0" branch-rate="0" complexity="0"><classes></classes></package><package name="crates/beardog-types/src/canonical/config/domains/workflow" line-rate="0" branch-rate="0" complexity="0"><classes><class name="engine" filename="crates/beardog-types/src/canonical/config/domains/workflow/engine.rs" line-rate="0" branch-rate="0" complexity="0"><methods/><lines><line number="74" hits="0"/><line number="75" hits="0"/><line number="78" hits="0"/><line number="80" hits="0"/><line number="81" hits="0"/><line number="82" hits="0"/><line number="86" hits="0"/><line number="87" hits="0"/><line number="90" hits="0"/><line number="91" hits="0"/><line number="94" hits="0"/><line number="95" hits="0"/><line number="98" hits="0"/><line number="99" hits="0"/><line number="102" hits="0"/><line number="106" hits="0"/><line number="107" hits="0"/><line number="108" hits="0"/><line number="111" hits="0"/><line number="112" hits="0"/><line number="113" hits="0"/><line number="115" hits="0"/><line number="116" hits="0"/><line number="118" hits="0"/><line number="121" hits="0"/><line number="122" hits="0"/><line number="123" hits="0"/><line number="124" hits="0"/><line number="125" hits="0"/><line number="126" hits="0"/><line number="136" hits="0"/><line number="140" hits="0"/><line number="145" hits="0"/><line number="146" hits="0"/><line number="147" hits="0"/><line number="153" hits="0"/><line number="155" hits="0"/><line number="160" hits="0"/><line number="162" hits="0"/><line number="163" hits="0"/><line number="167" hits="0"/><line number="179" hits="0"/><line number="181" hits="0"/><line number="187" hits="0"/><line number="193" hits="0"/><line number="199" hits="0"/></lines></class><class name="escalation" filename="crates/beardog-types/src/canonical/config/domains/workflow/escalation.rs" line-rate="0" branch-rate="0" complexity="0"><methods/><lines><line number="75" hits="0"/><line number="79" hits="0"/><line number="80" hits="0"/><line number="81" hits="0"/><line number="86" hits="0"/><line number="92" hits="0"/><line number="94" hits="0"/><line number="99" hits="0"/><line number="101" hits="0"/><line number="102" hits="0"/><line number="103" hits="0"/></lines></class><class name="mod" filename="crates/beardog-types/src/canonical/config/domains/workflow/mod.rs" line-rate="0" branch-rate="0" complexity="0"><methods/><lines><line number="121" hits="0"/><line number="124" hits="0"/><line number="125" hits="0"/><line number="126" hits="0"/><line number="127" hits="0"/><line number="144" hits="0"/><line number="145" hits="0"/><line number="146" hits="0"/><line number="147" hits="0"/><line number="152" hits="0"/><line number="153" hits="0"/><line number="158" hits="0"/><line number="159" hits="0"/><line number="164" hits="0"/><line number="165" hits="0"/><line number="170" hits="0"/><line number="171" hits="0"/><line number="176" hits="0"/><line number="179" hits="0"/><line number="180" hits="0"/><line number="181" hits="0"/><line number="182" hits="0"/><line number="183" hits="0"/><line number="185" hits="0"/><line number="187" hits="0"/><line number="188" hits="0"/><line number="190" hits="0"/><line number="192" hits="0"/><line number="193" hits="0"/><line number="195" hits="0"/><line number="197" hits="0"/><line number="198" hits="0"/><line number="200" hits="0"/><line number="205" hits="0"/><line number="206" hits="0"/><line number="208" hits="0"/><line number="209" hits="0"/><line number="212" hits="0"/><line number="213" hits="0"/><line number="216" hits="0"/><line number="217" hits="0"/><line number="220" hits="0"/><line number="221" hits="0"/><line number="224" hits="0"/><line number="225" hits="0"/><line number="228" hits="0"/><line number="229" hits="0"/><line number="232" hits="0"/><line number="233" hits="0"/><line number="236" hits="0"/><line number="237" hits="0"/><line number="238" hits="0"/></lines></class><class name="persistence" filename="crates/beardog-types/src/canonical/config/domains/workflow/persistence.rs" line-rate="0" branch-rate="0" complexity="0"><methods/><lines><line number="93" hits="0"/><line number="96" hits="0"/><line number="97" hits="0"/><line number="98" hits="0"/><line number="99" hits="0"/><line number="105" hits="0"/><line number="107" hits="0"/><line number="112" hits="0"/><line number="116" hits="0"/><line number="122" hits="0"/><line number="128" hits="0"/><line number="130" hits="0"/><line number="136" hits="0"/><line number="148" hits="0"/><line number="151" hits="0"/></lines></class><class name="retry" filename="crates/beardog-types/src/canonical/config/domains/workflow/retry.rs" line-rate="0" branch-rate="0" complexity="0"><methods/><lines><line number="33" hits="0"/><line number="34" hits="0"/><line number="37" hits="0"/><line number="46" hits="0"/><line number="47" hits="0"/><line number="48" hits="0"/><line number="50" hits="0"/><line number="51" hits="0"/><line number="54" hits="0"/><line number="55" hits="0"/><line number="58" hits="0"/><line number="63" hits="0"/><line number="64" hits="0"/><line number="67" hits="0"/><line number="68" hits="0"/><line number="69" hits="0"/><line number="70" hits="0"/><line number="72" hits="0"/><line number="81" hits="0"/><line number="83" hits="0"/><line number="87" hits="0"/><line number="93" hits="0"/><line number="97" hits="0"/></lines></class><class name="scheduling" filename="crates/beardog-types/src/canonical/config/domains/workflow/scheduling.rs" line-rate="0" branch-rate="0" complexity="0"><methods/><lines><line number="44" hits="0"/><line number="48" hits="0"/><line number="53" hits="0"/><line number="58" hits="0"/><line number="59" hits="0"/><line number="65" hits="0"/><line number="67" hits="0"/></lines></class></classes></package><package name="crates/beardog-core/src/ai/tests" line-rate="0" branch-rate="0" complexity="0"><classes></classes></package><package name="crates/beardog-core/src/ecosystem_storage" line-rate="0" branch-rate="0" complexity="0"><classes></classes></package><package name="crates/beardog-tunnel/src/unix_socket_ipc/handlers/crypto/tls" line-rate="0" branch-rate="0" complexity="0"><classes></classes></package><package name="crates/beardog-security/src/orchestration" line-rate="0" branch-rate="0" complexity="0"><classes></classes></package><package name="crates/beardog-discovery/src" line-rate="0" branch-rate="0" complexity="0"><classes><class name="config" filename="crates/beardog-discovery/src/config.rs" line-rate="0" branch-rate="0" complexity="0"><methods/><lines><line number="24" hits="0"/><line number="25" hits="0"/><line number="26" hits="0"/><line number="27" hits="0"/></lines></class><class name="discovery" filename="crates/beardog-discovery/src/discovery.rs" line-rate="0" branch-rate="0" complexity="0"><methods/><lines><line number="23" hits="0"/><line number="24" hits="0"/><line number="25" hits="0"/></lines></class></classes></package><package name="crates/beardog-monitoring/src/security_sentinel" line-rate="0" branch-rate="0" complexity="0"><classes><class name="performance_metrics" filename="crates/beardog-monitoring/src/security_sentinel/performance_metrics.rs" line-rate="0" branch-rate="0" complexity="0"><methods/><lines><line number="301" hits="0"/><line number="302" hits="0"/><line number="305" hits="0"/><line number="306" hits="0"/><line number="308" hits="0"/><line number="309" hits="0"/><line number="311" hits="0"/><line number="312" hits="0"/><line number="315" hits="0"/><line number="317" hits="0"/><line number="318" hits="0"/><line number="319" hits="0"/><line number="320" hits="0"/></lines></class></classes></package><package name="showcase/02-ecosystem-integration/01-songbird-btsp/src" line-rate="0" branch-rate="0" complexity="0"><classes></classes></package><package name="showcase/00-local-primal/06-btsp-tunnel/src" line-rate="0" branch-rate="0" complexity="0"><classes></classes></package><package name="crates/beardog-security/src/tests/sovereignty_tests" line-rate="0" branch-rate="0" complexity="0"><classes></classes></package><package name="crates/beardog-types/src/canonical/hsm_unified" line-rate="0" branch-rate="0" complexity="0"><classes><class name="cloud" filename="crates/beardog-types/src/canonical/hsm_unified/cloud.rs" line-rate="0" branch-rate="0" complexity="0"><methods/><lines><line number="78" hits="0"/><line number="79" hits="0"/><line number="80" hits="0"/><line number="81" hits="0"/><line number="82" hits="0"/><line number="83" hits="0"/><line number="84" hits="0"/><line number="85" hits="0"/><line number="86" hits="0"/><line number="94" hits="0"/><line number="95" hits="0"/><line number="96" hits="0"/><line number="97" hits="0"/><line number="98" hits="0"/><line number="99" hits="0"/><line number="100" hits="0"/><line number="101" hits="0"/><line number="102" hits="0"/><line number="110" hits="0"/><line number="111" hits="0"/><line number="118" hits="0"/><line number="119" hits="0"/><line number="120" hits="0"/><line number="121" hits="0"/><line number="122" hits="0"/><line number="123" hits="0"/><line number="124" hits="0"/><line number="125" hits="0"/><line number="126" hits="0"/><line number="133" hits="0"/><line number="134" hits="0"/><line number="135" hits="0"/><line number="136" hits="0"/><line number="137" hits="0"/><line number="138" hits="0"/><line number="139" hits="0"/><line number="140" hits="0"/><line number="141" hits="0"/><line number="147" hits="0"/><line number="148" hits="0"/><line number="149" hits="0"/><line number="150" hits="0"/><line number="151" hits="0"/><line number="152" hits="0"/><line number="153" hits="0"/><line number="154" hits="0"/><line number="155" hits="0"/><line number="201" hits="0"/><line number="202" hits="0"/><line number="203" hits="0"/><line number="204" hits="0"/><line number="205" hits="0"/><line number="206" hits="0"/><line number="207" hits="0"/><line number="208" hits="0"/><line number="209" hits="0"/><line number="215" hits="0"/><line number="216" hits="0"/><line number="217" hits="0"/><line number="224" hits="0"/><line number="225" hits="0"/><line number="226" hits="0"/><line number="227" hits="0"/><line number="228" hits="0"/><line number="229" hits="0"/><line number="230" hits="0"/><line number="231" hits="0"/><line number="232" hits="0"/><line number="233" hits="0"/><line number="234" hits="0"/><line number="235" hits="0"/></lines></class><class name="key_management" filename="crates/beardog-types/src/canonical/hsm_unified/key_management.rs" line-rate="0" branch-rate="0" complexity="0"><methods/><lines><line number="22" hits="0"/><line number="23" hits="0"/></lines></class><class name="migration" filename="crates/beardog-types/src/canonical/hsm_unified/migration.rs" line-rate="0" branch-rate="0" complexity="0"><methods/><lines><line number="34" hits="0"/><line number="39" hits="0"/><line number="130" hits="0"/><line number="131" hits="0"/><line number="139" hits="0"/><line number="146" hits="0"/><line number="147" hits="0"/><line number="151" hits="0"/><line number="155" hits="0"/><line number="160" hits="0"/><line number="162" hits="0"/><line number="163" hits="0"/><line number="164" hits="0"/><line number="165" hits="0"/><line number="166" hits="0"/><line number="169" hits="0"/><line number="170" hits="0"/><line number="171" hits="0"/><line number="172" hits="0"/><line number="174" hits="0"/><line number="176" hits="0"/><line number="177" hits="0"/><line number="178" hits="0"/><line number="180" hits="0"/><line number="186" hits="0"/><line number="187" hits="0"/><line number="188" hits="0"/><line number="189" hits="0"/><line number="190" hits="0"/><line number="191" hits="0"/><line number="192" hits="0"/><line number="197" hits="0"/><line number="204" hits="0"/><line number="205" hits="0"/><line number="206" hits="0"/><line number="211" hits="0"/><line number="216" hits="0"/><line number="217" hits="0"/><line number="222" hits="0"/><line number="223" hits="0"/><line number="225" hits="0"/><line number="230" hits="0"/><line number="231" hits="0"/><line number="233" hits="0"/><line number="234" hits="0"/><line number="235" hits="0"/><line number="242" hits="0"/><line number="248" hits="0"/><line number="250" hits="0"/><line number="251" hits="0"/><line number="253" hits="0"/><line number="254" hits="0"/><line number="258" hits="0"/><line number="259" hits="0"/><line number="261" hits="0"/><line number="262" hits="0"/><line number="266" hits="0"/><line number="267" hits="0"/><line number="272" hits="0"/><line number="278" hits="0"/><line number="280" hits="0"/><line number="281" hits="0"/><line number="282" hits="0"/><line number="283" hits="0"/><line number="287" hits="0"/><line number="288" hits="0"/><line number="289" hits="0"/><line number="290" hits="0"/><line number="294" hits="0"/><line number="295" hits="0"/><line number="300" hits="0"/><line number="306" hits="0"/><line number="307" hits="0"/><line number="308" hits="0"/><line number="313" hits="0"/><line number="314" hits="0"/><line number="315" hits="0"/><line number="319" hits="0"/><line number="320" hits="0"/><line number="321" hits="0"/><line number="325" hits="0"/><line number="326" hits="0"/><line number="327" hits="0"/><line number="334" hits="0"/><line number="340" hits="0"/><line number="344" hits="0"/><line number="350" hits="0"/><line number="354" hits="0"/><line number="360" hits="0"/><line number="364" hits="0"/><line number="370" hits="0"/><line number="374" hits="0"/><line number="380" hits="0"/><line number="384" hits="0"/><line number="390" hits="0"/><line number="396" hits="0"/><line number="402" hits="0"/><line number="409" hits="0"/><line number="410" hits="0"/><line number="418" hits="0"/><line number="419" hits="0"/><line number="420" hits="0"/><line number="421" hits="0"/><line number="427" hits="0"/><line number="430" hits="0"/><line number="431" hits="0"/><line number="437" hits="0"/><line number="442" hits="0"/><line number="443" hits="0"/><line number="444" hits="0"/><line number="446" hits="0"/><line number="447" hits="0"/><line number="448" hits="0"/><line number="452" hits="0"/><line number="453" hits="0"/><line number="454" hits="0"/><line number="458" hits="0"/><line number="459" hits="0"/><line number="461" hits="0"/></lines></class><class name="platform" filename="crates/beardog-types/src/canonical/hsm_unified/platform.rs" line-rate="0" branch-rate="0" complexity="0"><methods/><lines><line number="21" hits="0"/><line number="22" hits="0"/></lines></class><class name="providers" filename="crates/beardog-types/src/canonical/hsm_unified/providers.rs" line-rate="0" branch-rate="0" complexity="0"><methods/><lines><line number="43" hits="0"/><line number="166" hits="0"/><line number="173" hits="0"/><line number="176" hits="0"/><line number="180" hits="0"/><line number="188" hits="0"/><line number="189" hits="0"/><line number="190" hits="0"/><line number="193" hits="0"/><line number="201" hits="0"/><line number="202" hits="0"/><line number="203" hits="0"/><line number="204" hits="0"/><line number="205" hits="0"/><line number="207" hits="0"/><line number="215" hits="0"/><line number="216" hits="0"/><line number="217" hits="0"/><line number="220" hits="0"/><line number="222" hits="0"/><line number="229" hits="0"/><line number="230" hits="0"/><line number="231" hits="0"/><line number="234" hits="0"/><line number="236" hits="0"/><line number="246" hits="0"/><line number="253" hits="0"/><line number="260" hits="0"/><line number="270" hits="0"/><line number="278" hits="0"/><line number="279" hits="0"/><line number="280" hits="0"/><line number="283" hits="0"/><line number="287" hits="0"/></lines></class></classes></package><package name="crates/beardog-core/src/core" line-rate="0" branch-rate="0" complexity="0"><classes><class name="genetic_optimizer" filename="crates/beardog-core/src/core/genetic_optimizer.rs" line-rate="0" branch-rate="0" complexity="0"><methods/><lines><line number="140" hits="0"/><line number="143" hits="0"/><line number="144" hits="0"/><line number="145" hits="0"/><line number="147" hits="0"/><line number="149" hits="0"/><line number="151" hits="0"/><line number="155" hits="0"/><line number="158" hits="0"/><line number="160" hits="0"/><line number="161" hits="0"/><line number="162" hits="0"/><line number="168" hits="0"/><line number="169" hits="0"/><line number="170" hits="0"/><line number="173" hits="0"/><line number="174" hits="0"/><line number="175" hits="0"/><line number="176" hits="0"/><line number="177" hits="0"/><line number="178" hits="0"/><line number="179" hits="0"/><line number="180" hits="0"/><line number="181" hits="0"/><line number="183" hits="0"/><line number="186" hits="0"/><line number="193" hits="0"/><line number="194" hits="0"/><line number="195" hits="0"/><line number="197" hits="0"/><line number="199" hits="0"/><line number="202" hits="0"/><line number="203" hits="0"/><line number="204" hits="0"/><line number="205" hits="0"/><line number="206" hits="0"/><line number="211" hits="0"/><line number="214" hits="0"/><line number="215" hits="0"/><line number="216" hits="0"/><line number="218" hits="0"/></lines></class></classes></package><package name="crates/beardog-types/src/canonical/config/domains/ai" line-rate="0" branch-rate="0" complexity="0"><classes></classes></package><package name="showcase/02-ecosystem-integration/04-squirrel-routing/src" line-rate="0" branch-rate="0" complexity="0"><classes></classes></package><package name="crates/beardog-core/src/crypto_service" line-rate="0" branch-rate="0" complexity="0"><classes></classes></package><package name="showcase/03-production-features/06-error-recovery/src" line-rate="0" branch-rate="0" complexity="0"><classes><class name="main" filename="showcase/03-production-features/06-error-recovery/src/main.rs" line-rate="0" branch-rate="0" complexity="0"><methods/><lines><line number="264" hits="0"/><line number="266" hits="0"/><line number="267" hits="0"/><line number="270" hits="0"/><line number="271" hits="0"/><line number="272" hits="0"/><line number="273" hits="0"/><line number="275" hits="0"/><line number="276" hits="0"/><line number="277" hits="0"/></lines></class></classes></package><package name="crates/beardog-genetics/src/constraints/enforcement" line-rate="0" branch-rate="0" complexity="0"><classes></classes></package><package name="crates/beardog-tunnel/src/graph_security/tests" line-rate="0" branch-rate="0" complexity="0"><classes></classes></package><package name="crates/beardog-types/src/constants/domains" line-rate="0" branch-rate="0" complexity="0"><classes><class name="config" filename="crates/beardog-types/src/constants/domains/config.rs" line-rate="0" branch-rate="0" complexity="0"><methods/><lines><line number="108" hits="0"/><line number="109" hits="0"/><line number="110" hits="0"/><line number="111" hits="0"/><line number="143" hits="0"/><line number="144" hits="0"/><line number="145" hits="0"/><line number="146" hits="0"/><line number="147" hits="0"/><line number="148" hits="0"/><line number="149" hits="0"/><line number="150" hits="0"/><line number="151" hits="0"/><line number="152" hits="0"/></lines></class><class name="math" filename="crates/beardog-types/src/constants/domains/math.rs" line-rate="0" branch-rate="0" complexity="0"><methods/><lines><line number="21" hits="0"/><line number="22" hits="0"/><line number="23" hits="0"/><line number="24" hits="0"/><line number="26" hits="0"/><line number="27" hits="0"/><line number="28" hits="0"/><line number="30" hits="0"/><line number="36" hits="0"/><line number="37" hits="0"/><line number="38" hits="0"/><line number="39" hits="0"/><line number="40" hits="0"/><line number="42" hits="0"/></lines></class><class name="network" filename="crates/beardog-types/src/constants/domains/network.rs" line-rate="0" branch-rate="0" complexity="0"><methods/><lines><line number="35" hits="0"/><line number="37" hits="0"/><line number="43" hits="0"/><line number="45" hits="0"/><line number="49" hits="0"/><line number="50" hits="0"/><line number="51" hits="0"/><line number="52" hits="0"/><line number="53" hits="0"/><line number="55" hits="0"/><line number="62" hits="0"/><line number="63" hits="0"/><line number="64" hits="0"/><line number="65" hits="0"/><line number="66" hits="0"/><line number="68" hits="0"/><line number="69" hits="0"/><line number="75" hits="0"/><line number="76" hits="0"/><line number="77" hits="0"/><line number="79" hits="0"/><line number="80" hits="0"/><line number="86" hits="0"/><line number="87" hits="0"/><line number="88" hits="0"/><line number="90" hits="0"/><line number="91" hits="0"/><line number="118" hits="0"/><line number="120" hits="0"/><line number="129" hits="0"/><line number="131" hits="0"/><line number="140" hits="0"/><line number="142" hits="0"/><line number="151" hits="0"/><line number="153" hits="0"/><line number="163" hits="0"/><line number="164" hits="0"/><line number="166" hits="0"/><line number="167" hits="0"/><line number="170" hits="0"/><line number="230" hits="0"/><line number="231" hits="0"/><line number="238" hits="0"/><line number="239" hits="0"/><line number="240" hits="0"/><line number="242" hits="0"/><line number="243" hits="0"/><line number="252" hits="0"/><line number="253" hits="0"/><line number="254" hits="0"/><line number="256" hits="0"/><line number="257" hits="
[...]
number="832" hits="0"/><line number="833" hits="0"/><line number="837" hits="0"/><line number="841" hits="0"/><line number="844" hits="0"/><line number="848" hits="0"/><line number="851" hits="0"/><line number="852" hits="0"/><line number="854" hits="0"/><line number="855" hits="0"/><line number="859" hits="0"/><line number="860" hits="0"/><line number="861" hits="0"/><line number="862" hits="0"/><line number="864" hits="0"/><line number="868" hits="0"/><line number="869" hits="0"/><line number="872" hits="0"/><line number="873" hits="0"/><line number="876" hits="0"/><line number="883" hits="0"/><line number="884" hits="0"/><line number="888" hits="0"/><line number="892" hits="0"/><line number="895" hits="0"/><line number="899" hits="0"/><line number="902" hits="0"/><line number="903" hits="0"/><line number="905" hits="0"/><line number="910" hits="0"/><line number="914" hits="0"/><line number="948" hits="0"/><line number="949" hits="0"/><line number="950" hits="0"/><line number="951" hits="0"/><line number="967" hits="0"/><line number="968" hits="0"/><line number="969" hits="0"/><line number="970" hits="0"/><line number="986" hits="0"/><line number="987" hits="0"/><line number="988" hits="0"/><line number="989" hits="0"/></lines></class><class name="software_hsm_impl" filename="crates/beardog-types/src/canonical/discovery/software_hsm_impl.rs" line-rate="0" branch-rate="0" complexity="0"><methods/><lines><line number="49" hits="0"/><line number="67" hits="0"/><line number="68" hits="0"/><line number="69" hits="0"/><line number="70" hits="0"/><line number="82" hits="0"/><line number="83" hits="0"/><line number="84" hits="0"/><line number="85" hits="0"/><line number="88" hits="0"/><line number="89" hits="0"/><line number="90" hits="0"/><line number="96" hits="0"/><line number="97" hits="0"/><line number="98" hits="0"/><line number="99" hits="0"/><line number="101" hits="0"/><line number="105" hits="0"/><line number="106" hits="0"/><line number="107" hits="0"/><line number="108" hits="0"/><line number="112" hits="0"/><line number="113" hits="0"/><line number="114" hits="0"/><line number="115" hits="0"/><line number="117" hits="0"/><line number="118" hits="0"/><line number="125" hits="0"/><line number="126" hits="0"/><line number="132" hits="0"/><line number="133" hits="0"/><line number="135" hits="0"/><line number="138" hits="0"/><line number="139" hits="0"/><line number="142" hits="0"/><line number="145" hits="0"/><line number="147" hits="0"/><line number="148" hits="0"/><line number="149" hits="0"/><line number="153" hits="0"/><line number="161" hits="0"/><line number="162" hits="0"/><line number="165" hits="0"/><line number="167" hits="0"/><line number="169" hits="0"/><line number="170" hits="0"/><line number="171" hits="0"/><line number="174" hits="0"/><line number="176" hits="0"/><line number="177" hits="0"/><line number="182" hits="0"/><line number="183" hits="0"/><line number="185" hits="0"/><line number="188" hits="0"/><line number="189" hits="0"/><line number="190" hits="0"/><line number="194" hits="0"/><line number="195" hits="0"/><line number="197" hits="0"/><line number="198" hits="0"/><line number="201" hits="0"/><line number="202" hits="0"/><line number="203" hits="0"/><line number="212" hits="0"/><line number="213" hits="0"/><line number="214" hits="0"/><line number="218" hits="0"/><line number="219" hits="0"/><line number="221" hits="0"/><line number="222" hits="0"/><line number="225" hits="0"/><line number="226" hits="0"/><line number="227" hits="0"/><line number="230" hits="0"/><line number="231" hits="0"/><line number="236" hits="0"/><line number="238" hits="0"/><line number="239" hits="0"/><line number="240" hits="0"/><line number="241" hits="0"/><line number="242" hits="0"/><line number="243" hits="0"/><line number="244" hits="0"/><line number="245" hits="0"/><line number="251" hits="0"/><line number="252" hits="0"/><line number="253" hits="0"/><line number="258" hits="0"/><line number="260" hits="0"/><line number="264" hits="0"/><line number="269" hits="0"/><line number="271" hits="0"/><line number="274" hits="0"/><line number="275" hits="0"/><line number="277" hits="0"/><line number="280" hits="0"/><line number="282" hits="0"/><line number="283" hits="0"/><line number="287" hits="0"/><line number="288" hits="0"/><line number="296" hits="0"/><line number="297" hits="0"/><line number="298" hits="0"/><line number="300" hits="0"/><line number="301" hits="0"/><line number="305" hits="0"/><line number="310" hits="0"/><line number="316" hits="0"/><line number="318" hits="0"/><line number="320" hits="0"/><line number="322" hits="0"/><line number="323" hits="0"/><line number="327" hits="0"/><line number="329" hits="0"/><line number="331" hits="0"/><line number="334" hits="0"/><line number="341" hits="0"/><line number="342" hits="0"/><line number="343" hits="0"/><line number="345" hits="0"/><line number="346" hits="0"/><line number="349" hits="0"/><line number="354" hits="0"/><line number="355" hits="0"/><line number="356" hits="0"/><line number="357" hits="0"/><line number="359" hits="0"/><line number="362" hits="0"/><line number="363" hits="0"/><line number="365" hits="0"/><line number="367" hits="0"/><line number="369" hits="0"/><line number="370" hits="0"/><line number="374" hits="0"/><line number="375" hits="0"/><line number="382" hits="0"/><line number="383" hits="0"/><line number="384" hits="0"/><line number="385" hits="0"/><line number="390" hits="0"/><line number="391" hits="0"/><line number="392" hits="0"/><line number="393" hits="0"/><line number="394" hits="0"/><line number="395" hits="0"/><line number="398" hits="0"/><line number="401" hits="0"/><line number="404" hits="0"/><line number="405" hits="0"/><line number="407" hits="0"/><line number="408" hits="0"/><line number="409" hits="0"/><line number="410" hits="0"/><line number="412" hits="0"/><line number="415" hits="0"/><line number="419" hits="0"/><line number="420" hits="0"/><line number="424" hits="0"/><line number="427" hits="0"/><line number="429" hits="0"/><line number="430" hits="0"/><line number="431" hits="0"/><line number="432" hits="0"/><line number="434" hits="0"/><line number="435" hits="0"/><line number="436" hits="0"/><line number="437" hits="0"/><line number="438" hits="0"/><line number="439" hits="0"/><line number="441" hits="0"/><line number="443" hits="0"/><line number="446" hits="0"/><line number="448" hits="0"/><line number="453" hits="0"/><line number="457" hits="0"/><line number="465" hits="0"/><line number="472" hits="0"/><line number="476" hits="0"/><line number="479" hits="0"/><line number="480" hits="0"/><line number="481" hits="0"/><line number="482" hits="0"/><line number="488" hits="0"/><line number="491" hits="0"/><line number="494" hits="0"/><line number="502" hits="0"/></lines></class><class name="universal" filename="crates/beardog-types/src/canonical/discovery/universal.rs" line-rate="0" branch-rate="0" complexity="0"><methods/><lines><line number="185" hits="0"/><line number="314" hits="0"/></lines></class></classes></package><package name="crates/beardog-types/benches" line-rate="0" branch-rate="0" complexity="0"><classes></classes></package><package name="crates/beardog-integration-tests/tests" line-rate="0" branch-rate="0" complexity="0"><classes></classes></package><package name="showcase/02-ecosystem-integration/02-nestgate-encryption/src" line-rate="0" branch-rate="0" complexity="0"><classes></classes></package><package name="crates/beardog-types/src/canonical/config/tests/modernization" line-rate="0" branch-rate="0" complexity="0"><classes></classes></package><package name="crates/beardog-types/src/constraints" line-rate="0" branch-rate="0" complexity="0"><classes><class name="builtin" filename="crates/beardog-types/src/constraints/builtin.rs" line-rate="0" branch-rate="0" complexity="0"><methods/><lines><line number="34" hits="0"/><line number="35" hits="0"/><line number="37" hits="0"/><line number="38" hits="0"/><line number="40" hits="0"/><line number="43" hits="0"/><line number="44" hits="0"/><line number="47" hits="0"/><line number="51" hits="0"/><line number="52" hits="0"/><line number="53" hits="0"/><line number="75" hits="0"/><line number="76" hits="0"/><line number="77" hits="0"/><line number="78" hits="0"/><line number="79" hits="0"/><line number="80" hits="0"/><line number="81" hits="0"/><line number="82" hits="0"/><line number="83" hits="0"/><line number="86" hits="0"/><line number="88" hits="0"/><line number="89" hits="0"/><line number="92" hits="0"/><line number="93" hits="0"/><line number="96" hits="0"/><line number="100" hits="0"/><line number="101" hits="0"/><line number="102" hits="0"/><line number="124" hits="0"/><line number="125" hits="0"/><line number="126" hits="0"/><line number="130" hits="0"/><line number="135" hits="0"/><line number="136" hits="0"/><line number="139" hits="0"/><line number="143" hits="0"/><line number="144" hits="0"/><line number="145" hits="0"/><line number="167" hits="0"/><line number="168" hits="0"/><line number="169" hits="0"/><line number="172" hits="0"/><line number="177" hits="0"/><line number="178" hits="0"/><line number="181" hits="0"/><line number="185" hits="0"/><line number="186" hits="0"/><line number="187" hits="0"/><line number="209" hits="0"/><line number="210" hits="0"/><line number="211" hits="0"/><line number="213" hits="0"/><line number="216" hits="0"/><line number="217" hits="0"/><line number="220" hits="0"/><line number="224" hits="0"/><line number="225" hits="0"/><line number="226" hits="0"/><line number="253" hits="0"/><line number="254" hits="0"/><line number="256" hits="0"/><line number="257" hits="0"/><line number="258" hits="0"/><line number="261" hits="0"/><line number="264" hits="0"/><line number="265" hits="0"/><line number="266" hits="0"/><line number="269" hits="0"/><line number="273" hits="0"/><line number="274" hits="0"/><line number="278" hits="0"/><line number="283" hits="0"/><line number="284" hits="0"/><line number="285" hits="0"/><line number="288" hits="0"/><line number="292" hits="0"/><line number="294" hits="0"/><line number="297" hits="0"/><line number="300" hits="0"/><line number="306" hits="0"/><line number="307" hits="0"/><line number="313" hits="0"/><line number="321" hits="0"/><line number="329" hits="0"/><line number="332" hits="0"/><line number="338" hits="0"/><line number="345" hits="0"/><line number="346" hits="0"/><line number="347" hits="0"/><line number="348" hits="0"/><line number="349" hits="0"/><line number="350" hits="0"/><line number="351" hits="0"/><line number="352" hits="0"/><line number="354" hits="0"/></lines></class><class name="mod" filename="crates/beardog-types/src/constraints/mod.rs" line-rate="0" branch-rate="0" complexity="0"><methods/><lines><line number="137" hits="0"/><line number="139" hits="0"/><line number="141" hits="0"/><line number="142" hits="0"/><line number="144" hits="0"/><line number="149" hits="0"/><line number="150" hits="0"/><line number="151" hits="0"/><line number="155" hits="0"/><line number="156" hits="0"/><line number="157" hits="0"/><line number="161" hits="0"/><line number="162" hits="0"/><line number="163" hits="0"/><line number="168" hits="0"/><line number="169" hits="0"/><line number="184" hits="0"/><line number="187" hits="0"/><line number="188" hits="0"/><line number="189" hits="0"/><line number="190" hits="0"/><line number="192" hits="0"/><line number="193" hits="0"/><line number="194" hits="0"/><line number="196" hits="0"/><line number="214" hits="0"/><line number="215" hits="0"/><line number="218" hits="0"/><line number="219" hits="0"/><line number="247" hits="0"/><line number="248" hits="0"/><line number="249" hits="0"/><line number="250" hits="0"/><line number="251" hits="0"/></lines></class><class name="novel" filename="crates/beardog-types/src/constraints/novel.rs" line-rate="0" branch-rate="0" complexity="0"><methods/><lines><line number="47" hits="0"/><line number="49" hits="0"/><line number="50" hits="0"/><line number="58" hits="0"/><line number="60" hits="0"/><line number="62" hits="0"/><line number="63" hits="0"/><line number="66" hits="0"/><line number="73" hits="0"/><line number="75" hits="0"/><line number="78" hits="0"/><line number="79" hits="0"/><line number="85" hits="0"/><line number="89" hits="0"/><line number="90" hits="0"/><line number="91" hits="0"/><line number="130" hits="0"/><line number="132" hits="0"/><line number="133" hits="0"/><line number="140" hits="0"/><line number="141" hits="0"/><line number="148" hits="0"/><line number="149" hits="0"/><line number="150" hits="0"/><line number="155" hits="0"/><line number="156" hits="0"/><line number="157" hits="0"/><line number="161" hits="0"/><line number="164" hits="0"/><line number="165" hits="0"/><line number="166" hits="0"/><line number="167" hits="0"/><line number="169" hits="0"/><line number="170" hits="0"/><line number="171" hits="0"/><line number="175" hits="0"/><line number="179" hits="0"/><line number="180" hits="0"/><line number="181" hits="0"/><line number="209" hits="0"/><line number="211" hits="0"/><line number="212" hits="0"/><line number="214" hits="0"/><line number="215" hits="0"/><line number="218" hits="0"/><line number="222" hits="0"/><line number="223" hits="0"/><line number="226" hits="0"/><line number="230" hits="0"/><line number="231" hits="0"/><line number="232" hits="0"/><line number="256" hits="0"/><line number="258" hits="0"/><line number="259" hits="0"/><line number="263" hits="0"/><line number="264" hits="0"/><line number="266" hits="0"/><line number="270" hits="0"/><line number="271" hits="0"/><line number="274" hits="0"/><line number="278" hits="0"/><line number="279" hits="0"/><line number="280" hits="0"/><line number="298" hits="0"/><line number="299" hits="0"/><line number="300" hits="0"/><line number="301" hits="0"/><line number="302" hits="0"/><line number="303" hits="0"/><line number="335" hits="0"/><line number="337" hits="0"/><line number="340" hits="0"/><line number="343" hits="0"/><line number="344" hits="0"/><line number="348" hits="0"/><line number="351" hits="0"/><line number="354" hits="0"/><line number="357" hits="0"/><line number="358" hits="0"/><line number="361" hits="0"/><line number="365" hits="0"/><line number="366" hits="0"/><line number="367" hits="0"/><line number="395" hits="0"/><line number="396" hits="0"/><line number="397" hits="0"/><line number="400" hits="0"/><line number="405" hits="0"/><line number="406" hits="0"/><line number="409" hits="0"/><line number="413" hits="0"/><line number="414" hits="0"/><line number="415" hits="0"/><line number="447" hits="0"/><line number="449" hits="0"/><line number="450" hits="0"/><line number="454" hits="0"/><line number="456" hits="0"/><line number="459" hits="0"/><line number="460" hits="0"/><line number="466" hits="0"/><line number="470" hits="0"/><line number="471" hits="0"/><line number="472" hits="0"/><line number="500" hits="0"/><line number="501" hits="0"/><line number="504" hits="0"/><line number="507" hits="0"/><line number="510" hits="0"/><line number="511" hits="0"/><line number="514" hits="0"/><line number="518" hits="0"/><line number="519" hits="0"/><line number="520" hits="0"/></lines></class></classes></package><package name="crates/beardog-tunnel/src/tunnel/hsm/manager" line-rate="0" branch-rate="0" complexity="0"><classes><class name="failover" filename="crates/beardog-tunnel/src/tunnel/hsm/manager/failover.rs" line-rate="0" branch-rate="0" complexity="0"><methods/><lines><line number="127" hits="0"/><line number="129" hits="0"/><line number="131" hits="0"/><line number="132" hits="0"/><line number="133" hits="0"/><line number="134" hits="0"/><line number="137" hits="0"/><line number="139" hits="0"/><line number="141" hits="0"/><line number="142" hits="0"/><line number="143" hits="0"/><line number="144" hits="0"/><line number="145" hits="0"/><line number="147" hits="0"/><line number="148" hits="0"/><line number="149" hits="0"/><line number="151" hits="0"/><line number="152" hits="0"/><line number="153" hits="0"/><line number="156" hits="0"/><line number="157" hits="0"/><line number="161" hits="0"/><line number="162" hits="0"/></lines></class></classes></package><package name="crates/beardog-tunnel/src/tunnel/hsm/software_hsm/crypto_providers/genetic" line-rate="0" branch-rate="0" complexity="0"><classes></classes></package><package name="crates/beardog-tunnel/src/btsp_provider" line-rate="0" branch-rate="0" complexity="0"><classes></classes></package><package name="crates/beardog-tunnel/src/universal_hsm/entropy" line-rate="0" branch-rate="0" complexity="0"><classes></classes></package><package name="archives/abandoned_beardog-security-registry_feb_2026/src" line-rate="0" branch-rate="0" complexity="0"><classes><class name="lib" filename="archives/abandoned_beardog-security-registry_feb_2026/src/lib.rs" line-rate="0" branch-rate="0" complexity="0"><methods/><lines><line number="38" hits="0"/><line number="42" hits="0"/><line number="43" hits="0"/><line number="45" hits="0"/><line number="47" hits="0"/></lines></class></classes></package><package name="crates/beardog-threat/src" line-rate="0" branch-rate="0" complexity="0"><classes></classes></package><package name="crates/beardog-utils/src/optimization" line-rate="0" branch-rate="0" complexity="0"><classes><class name="clone_optimizer" filename="crates/beardog-utils/src/optimization/clone_optimizer.rs" line-rate="0" branch-rate="0" complexity="0"><methods/><lines><line number="96" hits="0"/><line number="98" hits="0"/><line number="104" hits="0"/><line number="110" hits="0"/><line number="112" hits="0"/><line number="120" hits="0"/><line number="121" hits="0"/><line number="134" hits="0"/><line number="136" hits="0"/><line number="142" hits="0"/><line number="144" hits="0"/><line number="150" hits="0"/><line number="151" hits="0"/><line number="158" hits="0"/><line number="159" hits="0"/><line number="172" hits="0"/><line number="173" hits="0"/><line number="179" hits="0"/><line number="180" hits="0"/></lines></class><class name="clone_patterns" filename="crates/beardog-utils/src/optimization/clone_patterns.rs" line-rate="0" branch-rate="0" complexity="0"><methods/><lines><line number="18" hits="0"/><line number="19" hits="0"/><line number="23" hits="0"/><line number="85" hits="0"/><line number="87" hits="0"/><line number="91" hits="0"/><line number="93" hits="0"/><line number="97" hits="0"/><line number="98" hits="0"/><line number="108" hits="0"/><line number="110" hits="0"/><line number="114" hits="0"/><line number="115" hits="0"/><line number="118" hits="0"/><line number="119" hits="0"/><line number="135" hits="0"/><line number="137" hits="0"/><line number="141" hits="0"/><line number="143" hits="0"/><line number="147" hits="0"/><line number="148" hits="0"/><line number="152" hits="0"/><line number="153" hits="0"/><line number="189" hits="0"/><line number="193" hits="0"/><line number="194" hits="0"/><line number="204" hits="0"/><line number="206" hits="0"/><line number="210" hits="0"/><line number="211" hits="0"/><line number="214" hits="0"/><line number="215" hits="0"/><line number="229" hits="0"/><line number="237" hits="0"/><line number="239" hits="0"/><line number="249" hits="0"/><line number="263" hits="0"/><line number="265" hits="0"/><line number="266" hits="0"/><line number="269" hits="0"/><line number="283" hits="0"/><line number="285" hits="0"/><line number="286" hits="0"/><line number="287" hits="0"/><line number="289" hits="0"/><line number="291" hits="0"/></lines></class></classes></package><package name="crates/beardog-tunnel/src/unix_socket_ipc/crypto_handlers_genetic" line-rate="0" branch-rate="0" complexity="0"><classes></classes></package><package name="scripts" line-rate="0" branch-rate="0" complexity="0"><classes></classes></package><package name="crates/beardog-types/src/canonical/monitoring_unified" line-rate="0" branch-rate="0" complexity="0"><classes></classes></package></packages></coverage>